<?xml version="1.0" encoding="UTF-8"?>
<testsuite name="TestP1" tests="3" skipped="0" failures="0" errors="0" timestamp="2024-02-05T19:24:14" hostname="eldora" time="0.019">
  <properties/>
  <testcase name="checkIfMainMethodCompiles()" classname="TestP1" time="0.013"/>
  <testcase name="checkIfDivideByZero()" classname="TestP1" time="0.003"/>
  <testcase name="checkMathAverage()" classname="TestP1" time="0.0"/>
  <system-out><![CDATA[NaN
UNDEFINED
]]></system-out>
  <system-err><![CDATA[]]></system-err>
</testsuite>
